<?xml version="1.0" encoding="UTF-8"?>
<testng-results ignored="0" total="1" passed="1" failed="0" skipped="0">
  <reporter-output>
    <line>
      <![CDATA[running verify user id]]>
    </line>
    <line>
      <![CDATA[logout the application]]>
    </line>
    <line>
      <![CDATA[close the app]]>
    </line>
  </reporter-output>
  <suite started-at="2022-08-26T11:50:45 IST" name="Default suite" finished-at="2022-08-26T11:51:01 IST" duration-ms="16284">
    <groups>
    </groups>
    <test started-at="2022-08-26T11:50:45 IST" name="Default test" finished-at="2022-08-26T11:51:01 IST" duration-ms="16284">
      <class name="KiteTest.Test_Class">
        <test-method is-config="true" signature="openBrowser()[pri:0, instance:KiteTest.Test_Class@4135c3b]" started-at="2022-08-26T11:50:45 IST" name="openBrowser" finished-at="2022-08-26T11:50:54 IST" duration-ms="9251" status="PASS">
          <reporter-output>
          </reporter-output>
        </test-method> <!-- openBrowser -->
        <test-method is-config="true" signature="loginToApp()[pri:0, instance:KiteTest.Test_Class@4135c3b]" started-at="2022-08-26T11:50:54 IST" name="loginToApp" finished-at="2022-08-26T11:50:58 IST" duration-ms="3195" status="PASS">
          <reporter-output>
          </reporter-output>
        </test-method> <!-- loginToApp -->
        <test-method signature="verifyuserID()[pri:0, instance:KiteTest.Test_Class@4135c3b]" started-at="2022-08-26T11:50:58 IST" name="verifyuserID" finished-at="2022-08-26T11:51:01 IST" duration-ms="3647" status="PASS">
          <reporter-output>
            <line>
              <![CDATA[running verify user id]]>
            </line>
          </reporter-output>
        </test-method> <!-- verifyuserID -->
        <test-method is-config="true" signature="logoutApp()[pri:0, instance:KiteTest.Test_Class@4135c3b]" started-at="2022-08-26T11:51:01 IST" name="logoutApp" finished-at="2022-08-26T11:51:01 IST" duration-ms="3" status="PASS">
          <reporter-output>
            <line>
              <![CDATA[logout the application]]>
            </line>
          </reporter-output>
        </test-method> <!-- logoutApp -->
        <test-method is-config="true" signature="closeBrowser()[pri:0, instance:KiteTest.Test_Class@4135c3b]" started-at="2022-08-26T11:51:01 IST" name="closeBrowser" finished-at="2022-08-26T11:51:01 IST" duration-ms="5" status="PASS">
          <reporter-output>
            <line>
              <![CDATA[close the app]]>
            </line>
          </reporter-output>
        </test-method> <!-- closeBrowser -->
      </class> <!-- KiteTest.Test_Class -->
    </test> <!-- Default test -->
  </suite> <!-- Default suite -->
</testng-results>
